0 info it worked if it ends with ok
1 verbose cli [ '/usr/local/bin/node', '/usr/local/bin/npm', 'start' ]
2 info using npm@3.8.0
3 info using node@v5.6.0
4 verbose run-script [ 'prestart', 'start', 'poststart' ]
5 info lifecycle verveconsult@0.0.0~prestart: verveconsult@0.0.0
6 silly lifecycle verveconsult@0.0.0~prestart: no script for prestart, continuing
7 info lifecycle verveconsult@0.0.0~start: verveconsult@0.0.0
8 verbose lifecycle verveconsult@0.0.0~start: unsafe-perm in lifecycle true
9 verbose lifecycle verveconsult@0.0.0~start: PATH: /usr/local/lib/node_modules/npm/bin/node-gyp-bin:/home/sandeep/verveconsult/node_modules/.bin:/usr/local/bin:/home/sandeep/local/bin:/home/sandeep/.npm-packages/bin:/usr/local/go/bin:/usr/local/heroku/bin:/usr/local/sbin:/usr/local/bin:/usr/sbin:/usr/bin:/sbin:/bin:/usr/games:/usr/local/games:/home/sandeep/.npm-packages/bin
10 verbose lifecycle verveconsult@0.0.0~start: CWD: /home/sandeep/verveconsult
11 silly lifecycle verveconsult@0.0.0~start: Args: [ '-c', './bin/www' ]
12 silly lifecycle verveconsult@0.0.0~start: Returned: code: 1  signal: null
13 info lifecycle verveconsult@0.0.0~start: Failed to exec start script
14 verbose stack Error: verveconsult@0.0.0 start: `./bin/www`
14 verbose stack Exit status 1
14 verbose stack     at EventEmitter.<anonymous> (/usr/local/lib/node_modules/npm/lib/utils/lifecycle.js:239:16)
14 verbose stack     at emitTwo (events.js:100:13)
14 verbose stack     at EventEmitter.emit (events.js:185:7)
14 verbose stack     at ChildProcess.<anonymous> (/usr/local/lib/node_modules/npm/lib/utils/spawn.js:24:14)
14 verbose stack     at emitTwo (events.js:100:13)
14 verbose stack     at ChildProcess.emit (events.js:185:7)
14 verbose stack     at maybeClose (internal/child_process.js:827:16)
14 verbose stack     at Process.ChildProcess._handle.onexit (internal/child_process.js:211:5)
15 verbose pkgid verveconsult@0.0.0
16 verbose cwd /home/sandeep/verveconsult
17 error Linux 3.19.0-49-generic
18 error argv "/usr/local/bin/node" "/usr/local/bin/npm" "start"
19 error node v5.6.0
20 error npm  v3.8.0
21 error code ELIFECYCLE
22 error verveconsult@0.0.0 start: `./bin/www`
22 error Exit status 1
23 error Failed at the verveconsult@0.0.0 start script './bin/www'.
23 error Make sure you have the latest version of node.js and npm installed.
23 error If you do, this is most likely a problem with the verveconsult package,
23 error not with npm itself.
23 error Tell the author that this fails on your system:
23 error     ./bin/www
23 error You can get information on how to open an issue for this project with:
23 error     npm bugs verveconsult
23 error Or if that isn't available, you can get their info via:
23 error     npm owner ls verveconsult
23 error There is likely additional logging output above.
24 verbose exit [ 1, true ]
